[2025-04-06T07:24:45.990+0000] {processor.py:186} INFO - Started process (PID=1311) to work on /opt/airflow/dags/mlpipeline.py
[2025-04-06T07:24:45.995+0000] {processor.py:914} INFO - Processing file /opt/airflow/dags/mlpipeline.py for tasks to queue
[2025-04-06T07:24:45.998+0000] {logging_mixin.py:190} INFO - [2025-04-06T07:24:45.997+0000] {dagbag.py:588} INFO - Filling up the DagBag from /opt/airflow/dags/mlpipeline.py
[2025-04-06T07:24:46.025+0000] {processor.py:925} INFO - DAG(s) 'ml_pipeline' retrieved from /opt/airflow/dags/mlpipeline.py
[2025-04-06T07:24:46.150+0000] {logging_mixin.py:190} INFO - [2025-04-06T07:24:46.150+0000] {override.py:1912} INFO - Created Permission View: can edit on DAG:ml_pipeline
[2025-04-06T07:24:46.163+0000] {logging_mixin.py:190} INFO - [2025-04-06T07:24:46.162+0000] {override.py:1912} INFO - Created Permission View: can delete on DAG:ml_pipeline
[2025-04-06T07:24:46.177+0000] {logging_mixin.py:190} INFO - [2025-04-06T07:24:46.177+0000] {override.py:1912} INFO - Created Permission View: can read on DAG:ml_pipeline
[2025-04-06T07:24:46.187+0000] {logging_mixin.py:190} INFO - [2025-04-06T07:24:46.187+0000] {override.py:1912} INFO - Created Permission View: can delete on DAG Run:ml_pipeline
[2025-04-06T07:24:46.194+0000] {logging_mixin.py:190} INFO - [2025-04-06T07:24:46.193+0000] {override.py:1912} INFO - Created Permission View: can create on DAG Run:ml_pipeline
[2025-04-06T07:24:46.200+0000] {logging_mixin.py:190} INFO - [2025-04-06T07:24:46.200+0000] {override.py:1912} INFO - Created Permission View: can read on DAG Run:ml_pipeline
[2025-04-06T07:24:46.207+0000] {logging_mixin.py:190} INFO - [2025-04-06T07:24:46.207+0000] {override.py:1912} INFO - Created Permission View: menu access on DAG Run:ml_pipeline
[2025-04-06T07:24:46.208+0000] {logging_mixin.py:190} INFO - [2025-04-06T07:24:46.208+0000] {dag.py:3239} INFO - Sync 1 DAGs
[2025-04-06T07:24:46.220+0000] {logging_mixin.py:190} INFO - [2025-04-06T07:24:46.219+0000] {dag.py:3262} INFO - Creating ORM DAG for ml_pipeline
[2025-04-06T07:24:46.229+0000] {logging_mixin.py:190} INFO - [2025-04-06T07:24:46.229+0000] {dag.py:4180} INFO - Setting next_dagrun for ml_pipeline to 2025-04-13 00:00:00+00:00, run_after=2025-04-20 00:00:00+00:00
[2025-04-06T07:24:46.244+0000] {processor.py:208} INFO - Processing /opt/airflow/dags/mlpipeline.py took 0.261 seconds
[2025-04-06T07:25:16.301+0000] {processor.py:186} INFO - Started process (PID=1376) to work on /opt/airflow/dags/mlpipeline.py
[2025-04-06T07:25:16.302+0000] {processor.py:914} INFO - Processing file /opt/airflow/dags/mlpipeline.py for tasks to queue
[2025-04-06T07:25:16.305+0000] {logging_mixin.py:190} INFO - [2025-04-06T07:25:16.305+0000] {dagbag.py:588} INFO - Filling up the DagBag from /opt/airflow/dags/mlpipeline.py
[2025-04-06T07:25:16.322+0000] {processor.py:925} INFO - DAG(s) 'ml_pipeline' retrieved from /opt/airflow/dags/mlpipeline.py
[2025-04-06T07:25:16.430+0000] {logging_mixin.py:190} INFO - [2025-04-06T07:25:16.430+0000] {dag.py:3239} INFO - Sync 1 DAGs
[2025-04-06T07:25:16.453+0000] {logging_mixin.py:190} INFO - [2025-04-06T07:25:16.453+0000] {dag.py:4180} INFO - Setting next_dagrun for ml_pipeline to 2025-04-13 00:00:00+00:00, run_after=2025-04-20 00:00:00+00:00
[2025-04-06T07:25:16.476+0000] {processor.py:208} INFO - Processing /opt/airflow/dags/mlpipeline.py took 0.180 seconds
[2025-04-06T07:25:46.765+0000] {processor.py:186} INFO - Started process (PID=1440) to work on /opt/airflow/dags/mlpipeline.py
[2025-04-06T07:25:46.766+0000] {processor.py:914} INFO - Processing file /opt/airflow/dags/mlpipeline.py for tasks to queue
[2025-04-06T07:25:46.768+0000] {logging_mixin.py:190} INFO - [2025-04-06T07:25:46.768+0000] {dagbag.py:588} INFO - Filling up the DagBag from /opt/airflow/dags/mlpipeline.py
[2025-04-06T07:25:46.780+0000] {processor.py:925} INFO - DAG(s) 'ml_pipeline' retrieved from /opt/airflow/dags/mlpipeline.py
[2025-04-06T07:25:46.855+0000] {logging_mixin.py:190} INFO - [2025-04-06T07:25:46.855+0000] {dag.py:3239} INFO - Sync 1 DAGs
[2025-04-06T07:25:46.871+0000] {logging_mixin.py:190} INFO - [2025-04-06T07:25:46.871+0000] {dag.py:4180} INFO - Setting next_dagrun for ml_pipeline to 2025-04-13 00:00:00+00:00, run_after=2025-04-20 00:00:00+00:00
[2025-04-06T07:25:46.887+0000] {processor.py:208} INFO - Processing /opt/airflow/dags/mlpipeline.py took 0.126 seconds
[2025-04-06T07:26:17.150+0000] {processor.py:186} INFO - Started process (PID=1504) to work on /opt/airflow/dags/mlpipeline.py
[2025-04-06T07:26:17.156+0000] {processor.py:914} INFO - Processing file /opt/airflow/dags/mlpipeline.py for tasks to queue
[2025-04-06T07:26:17.174+0000] {logging_mixin.py:190} INFO - [2025-04-06T07:26:17.173+0000] {dagbag.py:588} INFO - Filling up the DagBag from /opt/airflow/dags/mlpipeline.py
[2025-04-06T07:26:17.229+0000] {processor.py:925} INFO - DAG(s) 'ml_pipeline' retrieved from /opt/airflow/dags/mlpipeline.py
[2025-04-06T07:26:17.365+0000] {logging_mixin.py:190} INFO - [2025-04-06T07:26:17.365+0000] {dag.py:3239} INFO - Sync 1 DAGs
[2025-04-06T07:26:17.393+0000] {logging_mixin.py:190} INFO - [2025-04-06T07:26:17.393+0000] {dag.py:4180} INFO - Setting next_dagrun for ml_pipeline to 2025-04-13 00:00:00+00:00, run_after=2025-04-20 00:00:00+00:00
[2025-04-06T07:26:17.420+0000] {processor.py:208} INFO - Processing /opt/airflow/dags/mlpipeline.py took 0.278 seconds
[2025-04-06T07:26:47.592+0000] {processor.py:186} INFO - Started process (PID=1568) to work on /opt/airflow/dags/mlpipeline.py
[2025-04-06T07:26:47.593+0000] {processor.py:914} INFO - Processing file /opt/airflow/dags/mlpipeline.py for tasks to queue
[2025-04-06T07:26:47.596+0000] {logging_mixin.py:190} INFO - [2025-04-06T07:26:47.596+0000] {dagbag.py:588} INFO - Filling up the DagBag from /opt/airflow/dags/mlpipeline.py
[2025-04-06T07:26:47.612+0000] {processor.py:925} INFO - DAG(s) 'ml_pipeline' retrieved from /opt/airflow/dags/mlpipeline.py
[2025-04-06T07:26:47.709+0000] {logging_mixin.py:190} INFO - [2025-04-06T07:26:47.709+0000] {dag.py:3239} INFO - Sync 1 DAGs
[2025-04-06T07:26:47.728+0000] {logging_mixin.py:190} INFO - [2025-04-06T07:26:47.727+0000] {dag.py:4180} INFO - Setting next_dagrun for ml_pipeline to 2025-04-13 00:00:00+00:00, run_after=2025-04-20 00:00:00+00:00
[2025-04-06T07:26:47.750+0000] {processor.py:208} INFO - Processing /opt/airflow/dags/mlpipeline.py took 0.164 seconds
[2025-04-06T07:26:52.924+0000] {processor.py:186} INFO - Started process (PID=1573) to work on /opt/airflow/dags/mlpipeline.py
[2025-04-06T07:26:52.925+0000] {processor.py:914} INFO - Processing file /opt/airflow/dags/mlpipeline.py for tasks to queue
[2025-04-06T07:26:52.927+0000] {logging_mixin.py:190} INFO - [2025-04-06T07:26:52.927+0000] {dagbag.py:588} INFO - Filling up the DagBag from /opt/airflow/dags/mlpipeline.py
[2025-04-06T07:26:52.946+0000] {processor.py:925} INFO - DAG(s) 'ml_pipeline' retrieved from /opt/airflow/dags/mlpipeline.py
[2025-04-06T07:26:52.957+0000] {logging_mixin.py:190} INFO - [2025-04-06T07:26:52.957+0000] {dag.py:3239} INFO - Sync 1 DAGs
[2025-04-06T07:26:52.983+0000] {logging_mixin.py:190} INFO - [2025-04-06T07:26:52.983+0000] {dag.py:4180} INFO - Setting next_dagrun for ml_pipeline to 2025-04-06 08:00:00+00:00, run_after=2025-04-06 09:00:00+00:00
[2025-04-06T07:26:53.011+0000] {processor.py:208} INFO - Processing /opt/airflow/dags/mlpipeline.py took 0.093 seconds
[2025-04-06T07:26:55.427+0000] {processor.py:186} INFO - Started process (PID=1587) to work on /opt/airflow/dags/mlpipeline.py
[2025-04-06T07:26:55.428+0000] {processor.py:914} INFO - Processing file /opt/airflow/dags/mlpipeline.py for tasks to queue
[2025-04-06T07:26:55.430+0000] {logging_mixin.py:190} INFO - [2025-04-06T07:26:55.430+0000] {dagbag.py:588} INFO - Filling up the DagBag from /opt/airflow/dags/mlpipeline.py
[2025-04-06T07:26:55.451+0000] {logging_mixin.py:190} INFO - [2025-04-06T07:26:55.447+0000] {dagbag.py:484} ERROR - Failed to bag_dag: /opt/airflow/dags/mlpipeline.py
Traceback (most recent call last):
  File "/home/airflow/.local/lib/python3.12/site-packages/airflow/timetables/_cron.py", line 102, in validate
    croniter(self._expression)
  File "/home/airflow/.local/lib/python3.12/site-packages/croniter/croniter.py", line 268, in __init__
    self.expanded, self.nth_weekday_of_month = self.expand(
                                               ^^^^^^^^^^^^
  File "/home/airflow/.local/lib/python3.12/site-packages/croniter/croniter.py", line 1113, in expand
    return cls._expand(
           ^^^^^^^^^^^^
  File "/home/airflow/.local/lib/python3.12/site-packages/croniter/croniter.py", line 852, in _expand
    raise CroniterBadCronError("Exactly 5, 6 or 7 columns has to be specified for iterator expression.")
croniter.croniter.CroniterBadCronError: Exactly 5, 6 or 7 columns has to be specified for iterator expression.

During handling of the above exception, another exception occurred:

Traceback (most recent call last):
  File "/home/airflow/.local/lib/python3.12/site-packages/airflow/models/dagbag.py", line 479, in _process_modules
    dag.validate()
  File "/home/airflow/.local/lib/python3.12/site-packages/airflow/models/dag.py", line 845, in validate
    self.timetable.validate()
  File "/home/airflow/.local/lib/python3.12/site-packages/airflow/timetables/_cron.py", line 104, in validate
    raise AirflowTimetableInvalid(str(e))
airflow.exceptions.AirflowTimetableInvalid: Exactly 5, 6 or 7 columns has to be specified for iterator expression.
[2025-04-06T07:26:55.452+0000] {processor.py:927} WARNING - No viable dags retrieved from /opt/airflow/dags/mlpipeline.py
[2025-04-06T07:26:55.468+0000] {processor.py:208} INFO - Processing /opt/airflow/dags/mlpipeline.py took 0.045 seconds
[2025-04-06T07:26:56.444+0000] {processor.py:186} INFO - Started process (PID=1588) to work on /opt/airflow/dags/mlpipeline.py
[2025-04-06T07:26:56.445+0000] {processor.py:914} INFO - Processing file /opt/airflow/dags/mlpipeline.py for tasks to queue
[2025-04-06T07:26:56.447+0000] {logging_mixin.py:190} INFO - [2025-04-06T07:26:56.446+0000] {dagbag.py:588} INFO - Filling up the DagBag from /opt/airflow/dags/mlpipeline.py
[2025-04-06T07:26:56.467+0000] {processor.py:925} INFO - DAG(s) 'ml_pipeline' retrieved from /opt/airflow/dags/mlpipeline.py
[2025-04-06T07:26:56.478+0000] {logging_mixin.py:190} INFO - [2025-04-06T07:26:56.478+0000] {dag.py:3239} INFO - Sync 1 DAGs
[2025-04-06T07:26:56.504+0000] {logging_mixin.py:190} INFO - [2025-04-06T07:26:56.504+0000] {dag.py:4180} INFO - Setting next_dagrun for ml_pipeline to 2025-04-06 08:00:00+00:00, run_after=2025-04-06 09:00:00+00:00
[2025-04-06T07:26:56.533+0000] {processor.py:208} INFO - Processing /opt/airflow/dags/mlpipeline.py took 0.096 seconds
[2025-04-06T07:27:27.492+0000] {processor.py:186} INFO - Started process (PID=1652) to work on /opt/airflow/dags/mlpipeline.py
[2025-04-06T07:27:27.493+0000] {processor.py:914} INFO - Processing file /opt/airflow/dags/mlpipeline.py for tasks to queue
[2025-04-06T07:27:27.495+0000] {logging_mixin.py:190} INFO - [2025-04-06T07:27:27.495+0000] {dagbag.py:588} INFO - Filling up the DagBag from /opt/airflow/dags/mlpipeline.py
[2025-04-06T07:27:27.508+0000] {processor.py:925} INFO - DAG(s) 'ml_pipeline' retrieved from /opt/airflow/dags/mlpipeline.py
[2025-04-06T07:27:27.631+0000] {logging_mixin.py:190} INFO - [2025-04-06T07:27:27.630+0000] {dag.py:3239} INFO - Sync 1 DAGs
[2025-04-06T07:27:27.653+0000] {logging_mixin.py:190} INFO - [2025-04-06T07:27:27.653+0000] {dag.py:4180} INFO - Setting next_dagrun for ml_pipeline to 2025-04-06 08:00:00+00:00, run_after=2025-04-06 09:00:00+00:00
[2025-04-06T07:27:27.678+0000] {processor.py:208} INFO - Processing /opt/airflow/dags/mlpipeline.py took 0.191 seconds
[2025-04-06T07:27:58.319+0000] {processor.py:186} INFO - Started process (PID=1716) to work on /opt/airflow/dags/mlpipeline.py
[2025-04-06T07:27:58.320+0000] {processor.py:914} INFO - Processing file /opt/airflow/dags/mlpipeline.py for tasks to queue
[2025-04-06T07:27:58.322+0000] {logging_mixin.py:190} INFO - [2025-04-06T07:27:58.322+0000] {dagbag.py:588} INFO - Filling up the DagBag from /opt/airflow/dags/mlpipeline.py
[2025-04-06T07:27:58.334+0000] {processor.py:925} INFO - DAG(s) 'ml_pipeline' retrieved from /opt/airflow/dags/mlpipeline.py
[2025-04-06T07:27:58.422+0000] {logging_mixin.py:190} INFO - [2025-04-06T07:27:58.421+0000] {dag.py:3239} INFO - Sync 1 DAGs
[2025-04-06T07:27:58.439+0000] {logging_mixin.py:190} INFO - [2025-04-06T07:27:58.439+0000] {dag.py:4180} INFO - Setting next_dagrun for ml_pipeline to 2025-04-06 08:00:00+00:00, run_after=2025-04-06 09:00:00+00:00
[2025-04-06T07:27:58.460+0000] {processor.py:208} INFO - Processing /opt/airflow/dags/mlpipeline.py took 0.147 seconds
[2025-04-06T07:28:28.837+0000] {processor.py:186} INFO - Started process (PID=1780) to work on /opt/airflow/dags/mlpipeline.py
[2025-04-06T07:28:28.839+0000] {processor.py:914} INFO - Processing file /opt/airflow/dags/mlpipeline.py for tasks to queue
[2025-04-06T07:28:28.841+0000] {logging_mixin.py:190} INFO - [2025-04-06T07:28:28.840+0000] {dagbag.py:588} INFO - Filling up the DagBag from /opt/airflow/dags/mlpipeline.py
[2025-04-06T07:28:28.853+0000] {processor.py:925} INFO - DAG(s) 'ml_pipeline' retrieved from /opt/airflow/dags/mlpipeline.py
[2025-04-06T07:28:28.946+0000] {logging_mixin.py:190} INFO - [2025-04-06T07:28:28.945+0000] {dag.py:3239} INFO - Sync 1 DAGs
[2025-04-06T07:28:28.964+0000] {logging_mixin.py:190} INFO - [2025-04-06T07:28:28.964+0000] {dag.py:4180} INFO - Setting next_dagrun for ml_pipeline to 2025-04-06 08:00:00+00:00, run_after=2025-04-06 09:00:00+00:00
[2025-04-06T07:28:28.984+0000] {processor.py:208} INFO - Processing /opt/airflow/dags/mlpipeline.py took 0.153 seconds
[2025-04-06T07:28:59.163+0000] {processor.py:186} INFO - Started process (PID=1844) to work on /opt/airflow/dags/mlpipeline.py
[2025-04-06T07:28:59.163+0000] {processor.py:914} INFO - Processing file /opt/airflow/dags/mlpipeline.py for tasks to queue
[2025-04-06T07:28:59.165+0000] {logging_mixin.py:190} INFO - [2025-04-06T07:28:59.165+0000] {dagbag.py:588} INFO - Filling up the DagBag from /opt/airflow/dags/mlpipeline.py
[2025-04-06T07:28:59.176+0000] {processor.py:925} INFO - DAG(s) 'ml_pipeline' retrieved from /opt/airflow/dags/mlpipeline.py
[2025-04-06T07:28:59.257+0000] {logging_mixin.py:190} INFO - [2025-04-06T07:28:59.256+0000] {dag.py:3239} INFO - Sync 1 DAGs
[2025-04-06T07:28:59.273+0000] {logging_mixin.py:190} INFO - [2025-04-06T07:28:59.273+0000] {dag.py:4180} INFO - Setting next_dagrun for ml_pipeline to 2025-04-06 08:00:00+00:00, run_after=2025-04-06 09:00:00+00:00
[2025-04-06T07:28:59.289+0000] {processor.py:208} INFO - Processing /opt/airflow/dags/mlpipeline.py took 0.131 seconds
[2025-04-06T07:29:29.623+0000] {processor.py:186} INFO - Started process (PID=1904) to work on /opt/airflow/dags/mlpipeline.py
[2025-04-06T07:29:29.623+0000] {processor.py:914} INFO - Processing file /opt/airflow/dags/mlpipeline.py for tasks to queue
[2025-04-06T07:29:29.625+0000] {logging_mixin.py:190} INFO - [2025-04-06T07:29:29.625+0000] {dagbag.py:588} INFO - Filling up the DagBag from /opt/airflow/dags/mlpipeline.py
[2025-04-06T07:29:29.638+0000] {processor.py:925} INFO - DAG(s) 'ml_pipeline' retrieved from /opt/airflow/dags/mlpipeline.py
[2025-04-06T07:29:29.716+0000] {logging_mixin.py:190} INFO - [2025-04-06T07:29:29.716+0000] {dag.py:3239} INFO - Sync 1 DAGs
[2025-04-06T07:29:29.731+0000] {logging_mixin.py:190} INFO - [2025-04-06T07:29:29.731+0000] {dag.py:4180} INFO - Setting next_dagrun for ml_pipeline to 2025-04-06 08:00:00+00:00, run_after=2025-04-06 09:00:00+00:00
[2025-04-06T07:29:29.749+0000] {processor.py:208} INFO - Processing /opt/airflow/dags/mlpipeline.py took 0.131 seconds
[2025-04-06T07:30:00.193+0000] {processor.py:186} INFO - Started process (PID=1959) to work on /opt/airflow/dags/mlpipeline.py
[2025-04-06T07:30:00.193+0000] {processor.py:914} INFO - Processing file /opt/airflow/dags/mlpipeline.py for tasks to queue
[2025-04-06T07:30:00.195+0000] {logging_mixin.py:190} INFO - [2025-04-06T07:30:00.195+0000] {dagbag.py:588} INFO - Filling up the DagBag from /opt/airflow/dags/mlpipeline.py
[2025-04-06T07:30:00.209+0000] {processor.py:925} INFO - DAG(s) 'ml_pipeline' retrieved from /opt/airflow/dags/mlpipeline.py
[2025-04-06T07:30:00.304+0000] {logging_mixin.py:190} INFO - [2025-04-06T07:30:00.303+0000] {dag.py:3239} INFO - Sync 1 DAGs
[2025-04-06T07:30:00.322+0000] {logging_mixin.py:190} INFO - [2025-04-06T07:30:00.322+0000] {dag.py:4180} INFO - Setting next_dagrun for ml_pipeline to 2025-04-06 08:00:00+00:00, run_after=2025-04-06 09:00:00+00:00
[2025-04-06T07:30:00.343+0000] {processor.py:208} INFO - Processing /opt/airflow/dags/mlpipeline.py took 0.155 seconds
[2025-04-06T07:30:30.422+0000] {processor.py:186} INFO - Started process (PID=2023) to work on /opt/airflow/dags/mlpipeline.py
[2025-04-06T07:30:30.422+0000] {processor.py:914} INFO - Processing file /opt/airflow/dags/mlpipeline.py for tasks to queue
[2025-04-06T07:30:30.424+0000] {logging_mixin.py:190} INFO - [2025-04-06T07:30:30.424+0000] {dagbag.py:588} INFO - Filling up the DagBag from /opt/airflow/dags/mlpipeline.py
[2025-04-06T07:30:30.436+0000] {processor.py:925} INFO - DAG(s) 'ml_pipeline' retrieved from /opt/airflow/dags/mlpipeline.py
[2025-04-06T07:30:30.515+0000] {logging_mixin.py:190} INFO - [2025-04-06T07:30:30.515+0000] {dag.py:3239} INFO - Sync 1 DAGs
[2025-04-06T07:30:30.532+0000] {logging_mixin.py:190} INFO - [2025-04-06T07:30:30.532+0000] {dag.py:4180} INFO - Setting next_dagrun for ml_pipeline to 2025-04-06 08:00:00+00:00, run_after=2025-04-06 09:00:00+00:00
[2025-04-06T07:30:30.552+0000] {processor.py:208} INFO - Processing /opt/airflow/dags/mlpipeline.py took 0.135 seconds
